//-------------------------- 5/31/2024 -- 15:23:02 -----
Processor Init:
   Intel (unknown, Pentium Pro/II/III family), ~2.30 Ghz
     (timed at roughly 2.29 Ghz)
   FPU detected
   MMX detected
   SSE detected
 
Math Init:
   Installing Standard C extensions
   Installing Assembly extensions
   Installing FPU extensions
   Installing MMX extensions
   Installing SSE extensions
 
Input Init:
   DirectInput enabled.

Initializing chunk mappings...
   o 'TEXT' maps to TextChunk
   o 'SCHK' maps to UnknownChunk
   o 'SCHK' maps to SimChunk
Loading compiled script D:/C++ history/FunCode/BattleCity/Bin/common/main.cs.
Loading compiled script D:/C++ history/FunCode/BattleCity/Bin/game/main.cs.
 % - Initializing Common
Loading compiled script D:/C++ history/FunCode/BattleCity/Bin/common/preferences/defaultPrefs.cs.
Reading Display Device information...
   Primary Display Device Found:
      Vendor Id: VEN_0000
      Device Id: DEV_0000

Using OpenGL rendering. Fullscreen: 0

Loading compiled script D:/C++ history/FunCode/BattleCity/Bin/common/gameScripts/xml.cs.
Loading compiled script D:/C++ history/FunCode/BattleCity/Bin/common/gameScripts/properties.cs.
Loading compiled script D:/C++ history/FunCode/BattleCity/Bin/common/gameScripts/common.cs.
Loading compiled script D:/C++ history/FunCode/BattleCity/Bin/common/gameScripts/audio.cs.
Loading compiled script D:/C++ history/FunCode/BattleCity/Bin/common/gameScripts/canvas.cs.
Loading compiled script D:/C++ history/FunCode/BattleCity/Bin/common/gameScripts/cursor.cs.
Video Init:
   Accelerated OpenGL display device detected.
   Accelerated D3D device not detected.
   Voodoo 2 display device not detected.

Activating the OpenGL display device...
Activating the OpenGL display device...
Setting screen mode to 320x320x32 (w)...
Creating a new window...
Acquiring a new device context...
Pixel format set:
  32 color bits, 24 depth bits, 8 stencil bits
Creating a new rendering context...
Making the new rendering context current...
OpenGL driver information:
  Vendor: NVIDIA Corporation
  Renderer: NVIDIA GeForce RTX 3060 Laptop GPU/PCIe/SSE2
  Version: 4.6.0 NVIDIA 555.85
OpenGL Init: Enabled Extensions
  ARB_multitexture (Max Texture Units: 4)
  EXT_blend_color
  EXT_blend_minmax
  EXT_compiled_vertex_array
  NV_vertex_array_range
  EXT_texture_env_combine
  EXT_packed_pixels
  EXT_fog_coord
  ARB_texture_compression
  EXT_texture_compression_s3tc
  (ARB|EXT)_texture_env_add
  EXT_texture_filter_anisotropic (Max anisotropy: 16)
  WGL_EXT_swap_control
OpenGL Init: Disabled Extensions
  EXT_paletted_texture
  3DFX_texture_compression_FXT1

Max Texture Size reported as: 32768
Setting screen mode to 800x600x32 (w)...
OpenAL Driver Init:
   Failed to initialize driver.
Loading compiled script D:/C++ history/FunCode/BattleCity/Bin/common/gui/profiles.cs.
Loading compiled script D:/C++ history/FunCode/BattleCity/Bin/common/gui/cursors.cs.
Loading compiled script D:/C++ history/FunCode/BattleCity/Bin/common/gui/messageBoxOk.gui.
Loading compiled script D:/C++ history/FunCode/BattleCity/Bin/common/gui/messageBoxYesNo.gui.
Loading compiled script D:/C++ history/FunCode/BattleCity/Bin/common/gui/messageBoxYesNoCancel.gui.
Loading compiled script D:/C++ history/FunCode/BattleCity/Bin/common/gui/messageBoxOKCancel.gui.
Loading compiled script D:/C++ history/FunCode/BattleCity/Bin/common/gui/messageBoxOKCancelDetailsDlg.gui.
Loading compiled script D:/C++ history/FunCode/BattleCity/Bin/common/gui/messagePopup.gui.
Loading compiled script D:/C++ history/FunCode/BattleCity/Bin/common/gui/options.gui.
Loading compiled script D:/C++ history/FunCode/BattleCity/Bin/common/gui/remap.gui.
Loading compiled script D:/C++ history/FunCode/BattleCity/Bin/common/gui/console.gui.
Loading compiled script D:/C++ history/FunCode/BattleCity/Bin/common/gui/NetworkMenu.gui.
Loading compiled script D:/C++ history/FunCode/BattleCity/Bin/common/gui/startServer.gui.
Loading compiled script D:/C++ history/FunCode/BattleCity/Bin/common/gui/joinServer.gui.
Loading compiled script D:/C++ history/FunCode/BattleCity/Bin/common/gui/waitingForServer.gui.
Loading compiled script D:/C++ history/FunCode/BattleCity/Bin/common/gui/helpDlg.gui.
Loading compiled script D:/C++ history/FunCode/BattleCity/Bin/common/gui/messageBox.cs.
Loading compiled script D:/C++ history/FunCode/BattleCity/Bin/common/gui/help.cs.
Loading compiled script D:/C++ history/FunCode/BattleCity/Bin/common/gui/chatGui.gui.
Loading compiled script D:/C++ history/FunCode/BattleCity/Bin/common/gameScripts/screenshot.cs.
Loading compiled script D:/C++ history/FunCode/BattleCity/Bin/common/gameScripts/metrics.cs.
Loading compiled script D:/C++ history/FunCode/BattleCity/Bin/common/Gui/FrameOverlayGui.gui.
Loading compiled script D:/C++ history/FunCode/BattleCity/Bin/common/gameScripts/scriptDoc.cs.
Loading compiled script D:/C++ history/FunCode/BattleCity/Bin/common/gameScripts/keybindings.cs.
Loading compiled script D:/C++ history/FunCode/BattleCity/Bin/common/gameScripts/options.cs.
Loading compiled script D:/C++ history/FunCode/BattleCity/Bin/common/gameScripts/levelManagement.cs.
Loading compiled script D:/C++ history/FunCode/BattleCity/Bin/common/gameScripts/projectManagement.cs.
Loading compiled script D:/C++ history/FunCode/BattleCity/Bin/common/gameScripts/projectResources.cs.
Loading compiled script D:/C++ history/FunCode/BattleCity/Bin/common/gameScripts/align.cs.

FunCode (v1.7.5) initialized...
Loading compiled script D:/C++ history/FunCode/BattleCity/Bin/game/managed/datablocks.cs.
Loading compiled script D:/C++ history/FunCode/BattleCity/Bin/game/managed/persistent.cs.
Loading compiled script D:/C++ history/FunCode/BattleCity/Bin/game/managed/brushes.cs.
Loading compiled script D:/C++ history/FunCode/BattleCity/Bin/game/gameScripts/datablocks.cs.
Loading compiled script D:/C++ history/FunCode/BattleCity/Bin/game/gameScripts/guiProfiles.cs.
Loading compiled script D:/C++ history/FunCode/BattleCity/Bin/game/gui/mainScreen.gui.
Loading compiled script D:/C++ history/FunCode/BattleCity/Bin/game/gameScripts/game.cs.
Activating DirectInput...
DirectInput joystick failed to enable!
Compiling D:/C++ history/FunCode/BattleCity/Bin/game/data/levels/level.t2d...
Loading compiled script D:/C++ history/FunCode/BattleCity/Bin/game/data/levels/level.t2d.
t2dSceneGraph::addToScene() - Object '1332' is already in a SceneGraph!.
t2dSceneGraph::addToScene() - Object '1333' is already in a SceneGraph!.
t2dSceneGraph::addToScene() - Object '1334' is already in a SceneGraph!.
t2dSceneGraph::addToScene() - Object '1335' is already in a SceneGraph!.
t2dSceneGraph::addToScene() - Object '1336' is already in a SceneGraph!.
t2dSceneGraph::addToScene() - Object '1337' is already in a SceneGraph!.
t2dSceneGraph::addToScene() - Object '1338' is already in a SceneGraph!.
t2dSceneGraph::addToScene() - Object '1339' is already in a SceneGraph!.
t2dSceneGraph::addToScene() - Object '1340' is already in a SceneGraph!.
t2dSceneGraph::addToScene() - Object '1341' is already in a SceneGraph!.
t2dSceneGraph::addToScene() - Object '1342' is already in a SceneGraph!.
t2dSceneGraph::addToScene() - Object '1343' is already in a SceneGraph!.
t2dSceneGraph::addToScene() - Object '1344' is already in a SceneGraph!.
t2dSceneGraph::addToScene() - Object '1345' is already in a SceneGraph!.
t2dSceneGraph::addToScene() - Object '1346' is already in a SceneGraph!.
t2dSceneGraph::addToScene() - Object '1347' is already in a SceneGraph!.
t2dSceneGraph::addToScene() - Object '1348' is already in a SceneGraph!.
t2dSceneGraph::addToScene() - Object '1349' is already in a SceneGraph!.
t2dSceneGraph::addToScene() - Object '1350' is already in a SceneGraph!.
t2dSceneGraph::addToScene() - Object '1351' is already in a SceneGraph!.
t2dSceneGraph::addToScene() - Object '1352' is already in a SceneGraph!.
t2dSceneGraph::addToScene() - Object '1353' is already in a SceneGraph!.
t2dSceneGraph::addToScene() - Object '1354' is already in a SceneGraph!.
t2dSceneGraph::addToScene() - Object '1355' is already in a SceneGraph!.
t2dSceneGraph::addToScene() - Object '1356' is already in a SceneGraph!.
t2dSceneGraph::addToScene() - Object '1357' is already in a SceneGraph!.
t2dSceneGraph::addToScene() - Object '1358' is already in a SceneGraph!.
t2dSceneGraph::addToScene() - Object '1359' is already in a SceneGraph!.
t2dSceneGraph::addToScene() - Object '1360' is already in a SceneGraph!.
t2dSceneGraph::addToScene() - Object '1361' is already in a SceneGraph!.
t2dSceneGraph::addToScene() - Object '1362' is already in a SceneGraph!.
t2dSceneGraph::addToScene() - Object '1363' is already in a SceneGraph!.
t2dSceneGraph::addToScene() - Object '1364' is already in a SceneGraph!.
t2dSceneGraph::addToScene() - Object '1365' is already in a SceneGraph!.
t2dSceneGraph::addToScene() - Object '1366' is already in a SceneGraph!.
t2dSceneGraph::addToScene() - Object '1367' is already in a SceneGraph!.
t2dSceneGraph::addToScene() - Object '1368' is already in a SceneGraph!.
t2dSceneGraph::addToScene() - Object '1369' is already in a SceneGraph!.
t2dSceneGraph::addToScene() - Object '1370' is already in a SceneGraph!.
t2dSceneGraph::addToScene() - Object '1371' is already in a SceneGraph!.
t2dSceneGraph::addToScene() - Object '1372' is already in a SceneGraph!.
t2dSceneGraph::addToScene() - Object '1373' is already in a SceneGraph!.
t2dSceneGraph::addToScene() - Object '1374' is already in a SceneGraph!.
t2dSceneGraph::addToScene() - Object '1375' is already in a SceneGraph!.
t2dSceneGraph::addToScene() - Object '1376' is already in a SceneGraph!.
t2dSceneGraph::addToScene() - Object '1377' is already in a SceneGraph!.
t2dSceneGraph::addToScene() - Object '1378' is already in a SceneGraph!.
DirectInput deactivated.
Shutting down the OpenGL display device...
Making the GL rendering context not current...
Deleting the GL rendering context...
Releasing the device context...
