d:\c++ history\funcode\battlecity\sourcecode\vcproject2015\vcproject2015\debug\vc143.pdb
d:\c++ history\funcode\battlecity\sourcecode\vcproject2015\vcproject2015\debug\vc143.idb
d:\c++ history\funcode\battlecity\sourcecode\vcproject2015\vcproject2015\debug\cbullet.obj
d:\c++ history\funcode\battlecity\sourcecode\vcproject2015\vcproject2015\debug\ctankenemy.obj
d:\c++ history\funcode\battlecity\sourcecode\vcproject2015\vcproject2015\debug\ctankplayer.obj
d:\c++ history\funcode\battlecity\sourcecode\vcproject2015\vcproject2015\debug\cweapon.obj
d:\c++ history\funcode\battlecity\sourcecode\vcproject2015\vcproject2015\debug\lessonx.obj
d:\c++ history\funcode\battlecity\sourcecode\vcproject2015\vcproject2015\debug\main.obj
d:\c++ history\funcode\battlecity\bin\game.exe
d:\c++ history\funcode\battlecity\bin\game.pdb
d:\c++ history\funcode\battlecity\sourcecode\vcproject2015\vcproject2015\debug\vctemplate.res
d:\c++ history\funcode\battlecity\sourcecode\vcproject2015\vcproject2015\debug\vcproject2015.tlog\cl.command.1.tlog
d:\c++ history\funcode\battlecity\sourcecode\vcproject2015\vcproject2015\debug\vcproject2015.tlog\cl.items.tlog
d:\c++ history\funcode\battlecity\sourcecode\vcproject2015\vcproject2015\debug\vcproject2015.tlog\cl.read.1.tlog
d:\c++ history\funcode\battlecity\sourcecode\vcproject2015\vcproject2015\debug\vcproject2015.tlog\cl.write.1.tlog
d:\c++ history\funcode\battlecity\sourcecode\vcproject2015\vcproject2015\debug\vcproject2015.tlog\link.command.1.tlog
d:\c++ history\funcode\battlecity\sourcecode\vcproject2015\vcproject2015\debug\vcproject2015.tlog\link.read.1.tlog
d:\c++ history\funcode\battlecity\sourcecode\vcproject2015\vcproject2015\debug\vcproject2015.tlog\link.secondary.1.tlog
d:\c++ history\funcode\battlecity\sourcecode\vcproject2015\vcproject2015\debug\vcproject2015.tlog\link.write.1.tlog
d:\c++ history\funcode\battlecity\sourcecode\vcproject2015\vcproject2015\debug\vcproject2015.tlog\rc.command.1.tlog
d:\c++ history\funcode\battlecity\sourcecode\vcproject2015\vcproject2015\debug\vcproject2015.tlog\rc.read.1.tlog
d:\c++ history\funcode\battlecity\sourcecode\vcproject2015\vcproject2015\debug\vcproject2015.tlog\rc.write.1.tlog
